{"/data/user/Projects/checkers/back/controllers/boardController.js": {"path":"/data/user/Projects/checkers/back/controllers/boardController.js","statementMap":{"0":{"start":{"line":1,"column":11},"end":{"line":1,"column":37}},"1":{"start":{"line":2,"column":14},"end":{"line":2,"column":22}},"2":{"start":{"line":3,"column":11},"end":{"line":3,"column":26}},"3":{"start":{"line":5,"column":0},"end":{"line":30,"column":1}},"4":{"start":{"line":6,"column":4},"end":{"line":11,"column":5}},"5":{"start":{"line":7,"column":8},"end":{"line":9,"column":10}},"6":{"start":{"line":10,"column":8},"end":{"line":10,"column":14}},"7":{"start":{"line":13,"column":18},"end":{"line":18,"column":5}},"8":{"start":{"line":20,"column":4},"end":{"line":29,"column":10}},"9":{"start":{"line":22,"column":12},"end":{"line":22,"column":27}},"10":{"start":{"line":25,"column":12},"end":{"line":28,"column":14}},"11":{"start":{"line":32,"column":0},"end":{"line":44,"column":1}},"12":{"start":{"line":34,"column":4},"end":{"line":43,"column":10}},"13":{"start":{"line":36,"column":12},"end":{"line":36,"column":26}},"14":{"start":{"line":39,"column":12},"end":{"line":42,"column":14}},"15":{"start":{"line":46,"column":0},"end":{"line":63,"column":1}},"16":{"start":{"line":47,"column":17},"end":{"line":47,"column":32}},"17":{"start":{"line":48,"column":19},"end":{"line":48,"column":36}},"18":{"start":{"line":50,"column":4},"end":{"line":62,"column":10}},"19":{"start":{"line":55,"column":12},"end":{"line":55,"column":26}},"20":{"start":{"line":58,"column":12},"end":{"line":61,"column":14}},"21":{"start":{"line":65,"column":0},"end":{"line":87,"column":1}},"22":{"start":{"line":66,"column":17},"end":{"line":66,"column":32}},"23":{"start":{"line":67,"column":23},"end":{"line":67,"column":25}},"24":{"start":{"line":69,"column":4},"end":{"line":73,"column":5}},"25":{"start":{"line":70,"column":8},"end":{"line":72,"column":9}},"26":{"start":{"line":71,"column":12},"end":{"line":71,"column":35}},"27":{"start":{"line":75,"column":4},"end":{"line":86,"column":10}},"28":{"start":{"line":79,"column":12},"end":{"line":79,"column":27}},"29":{"start":{"line":82,"column":12},"end":{"line":85,"column":14}},"30":{"start":{"line":89,"column":0},"end":{"line":104,"column":1}},"31":{"start":{"line":90,"column":15},"end":{"line":90,"column":28}},"32":{"start":{"line":92,"column":4},"end":{"line":103,"column":10}},"33":{"start":{"line":96,"column":12},"end":{"line":96,"column":72}},"34":{"start":{"line":99,"column":12},"end":{"line":102,"column":14}}},"fnMap":{"0":{"name":"(anonymous_0)","decl":{"start":{"line":5,"column":17},"end":{"line":5,"column":18}},"loc":{"start":{"line":5,"column":31},"end":{"line":30,"column":1}},"line":5},"1":{"name":"(anonymous_1)","decl":{"start":{"line":21,"column":14},"end":{"line":21,"column":15}},"loc":{"start":{"line":21,"column":22},"end":{"line":23,"column":9}},"line":21},"2":{"name":"(anonymous_2)","decl":{"start":{"line":24,"column":15},"end":{"line":24,"column":16}},"loc":{"start":{"line":24,"column":22},"end":{"line":29,"column":9}},"line":24},"3":{"name":"(anonymous_3)","decl":{"start":{"line":32,"column":18},"end":{"line":32,"column":19}},"loc":{"start":{"line":32,"column":32},"end":{"line":44,"column":1}},"line":32},"4":{"name":"(anonymous_4)","decl":{"start":{"line":35,"column":14},"end":{"line":35,"column":15}},"loc":{"start":{"line":35,"column":22},"end":{"line":37,"column":9}},"line":35},"5":{"name":"(anonymous_5)","decl":{"start":{"line":38,"column":15},"end":{"line":38,"column":16}},"loc":{"start":{"line":38,"column":22},"end":{"line":43,"column":9}},"line":38},"6":{"name":"(anonymous_6)","decl":{"start":{"line":46,"column":27},"end":{"line":46,"column":28}},"loc":{"start":{"line":46,"column":41},"end":{"line":63,"column":1}},"line":46},"7":{"name":"(anonymous_7)","decl":{"start":{"line":54,"column":14},"end":{"line":54,"column":15}},"loc":{"start":{"line":54,"column":22},"end":{"line":56,"column":9}},"line":54},"8":{"name":"(anonymous_8)","decl":{"start":{"line":57,"column":15},"end":{"line":57,"column":16}},"loc":{"start":{"line":57,"column":22},"end":{"line":62,"column":9}},"line":57},"9":{"name":"(anonymous_9)","decl":{"start":{"line":65,"column":17},"end":{"line":65,"column":18}},"loc":{"start":{"line":65,"column":31},"end":{"line":87,"column":1}},"line":65},"10":{"name":"(anonymous_10)","decl":{"start":{"line":78,"column":14},"end":{"line":78,"column":15}},"loc":{"start":{"line":78,"column":22},"end":{"line":80,"column":9}},"line":78},"11":{"name":"(anonymous_11)","decl":{"start":{"line":81,"column":15},"end":{"line":81,"column":16}},"loc":{"start":{"line":81,"column":22},"end":{"line":86,"column":9}},"line":81},"12":{"name":"(anonymous_12)","decl":{"start":{"line":89,"column":17},"end":{"line":89,"column":18}},"loc":{"start":{"line":89,"column":31},"end":{"line":104,"column":1}},"line":89},"13":{"name":"(anonymous_13)","decl":{"start":{"line":95,"column":14},"end":{"line":95,"column":15}},"loc":{"start":{"line":95,"column":21},"end":{"line":97,"column":9}},"line":95},"14":{"name":"(anonymous_14)","decl":{"start":{"line":98,"column":15},"end":{"line":98,"column":16}},"loc":{"start":{"line":98,"column":22},"end":{"line":103,"column":9}},"line":98}},"branchMap":{"0":{"loc":{"start":{"line":6,"column":4},"end":{"line":11,"column":5}},"type":"if","locations":[{"start":{"line":6,"column":4},"end":{"line":11,"column":5}},{"start":{},"end":{}}],"line":6},"1":{"loc":{"start":{"line":6,"column":8},"end":{"line":6,"column":46}},"type":"binary-expr","locations":[{"start":{"line":6,"column":8},"end":{"line":6,"column":24}},{"start":{"line":6,"column":28},"end":{"line":6,"column":46}}],"line":6},"2":{"loc":{"start":{"line":27,"column":20},"end":{"line":27,"column":82}},"type":"binary-expr","locations":[{"start":{"line":27,"column":20},"end":{"line":27,"column":31}},{"start":{"line":27,"column":35},"end":{"line":27,"column":82}}],"line":27},"3":{"loc":{"start":{"line":41,"column":20},"end":{"line":41,"column":85}},"type":"binary-expr","locations":[{"start":{"line":41,"column":20},"end":{"line":41,"column":31}},{"start":{"line":41,"column":35},"end":{"line":41,"column":85}}],"line":41},"4":{"loc":{"start":{"line":60,"column":20},"end":{"line":60,"column":100}},"type":"binary-expr","locations":[{"start":{"line":60,"column":20},"end":{"line":60,"column":31}},{"start":{"line":60,"column":35},"end":{"line":60,"column":100}}],"line":60},"5":{"loc":{"start":{"line":70,"column":8},"end":{"line":72,"column":9}},"type":"if","locations":[{"start":{"line":70,"column":8},"end":{"line":72,"column":9}},{"start":{},"end":{}}],"line":70},"6":{"loc":{"start":{"line":84,"column":20},"end":{"line":84,"column":98}},"type":"binary-expr","locations":[{"start":{"line":84,"column":20},"end":{"line":84,"column":31}},{"start":{"line":84,"column":35},"end":{"line":84,"column":98}}],"line":84},"7":{"loc":{"start":{"line":96,"column":12},"end":{"line":96,"column":72}},"type":"cond-expr","locations":[{"start":{"line":96,"column":26},"end":{"line":96,"column":45}},{"start":{"line":96,"column":48},"end":{"line":96,"column":72}}],"line":96},"8":{"loc":{"start":{"line":101,"column":20},"end":{"line":101,"column":98}},"type":"binary-expr","locations":[{"start":{"line":101,"column":20},"end":{"line":101,"column":31}},{"start":{"line":101,"column":35},"end":{"line":101,"column":98}}],"line":101}},"s":{"0":1,"1":1,"2":1,"3":1,"4":0,"5":0,"6":0,"7":0,"8":0,"9":0,"10":0,"11":1,"12":0,"13":0,"14":0,"15":1,"16":0,"17":0,"18":0,"19":0,"20":0,"21":1,"22":0,"23":0,"24":0,"25":0,"26":0,"27":0,"28":0,"29":0,"30":1,"31":0,"32":0,"33":0,"34":0},"f":{"0":0,"1":0,"2":0,"3":0,"4":0,"5":0,"6":0,"7":0,"8":0,"9":0,"10":0,"11":0,"12":0,"13":0,"14":0},"b":{"0":[0,0],"1":[0,0],"2":[0,0],"3":[0,0],"4":[0,0],"5":[0,0],"6":[0,0],"7":[0,0],"8":[0,0]},"_coverageSchema":"1a1c01bbd47fc00a2c39e90264f33305004495a9","hash":"040dc2fd43cfc9ff86332c22755af66eb875aee6"}
,"/data/user/Projects/checkers/back/models/boardSaves.js": {"path":"/data/user/Projects/checkers/back/models/boardSaves.js","statementMap":{"0":{"start":{"line":1,"column":0},"end":{"line":25,"column":1}},"1":{"start":{"line":3,"column":18},"end":{"line":22,"column":6}},"2":{"start":{"line":24,"column":4},"end":{"line":24,"column":16}}},"fnMap":{"0":{"name":"(anonymous_0)","decl":{"start":{"line":1,"column":17},"end":{"line":1,"column":18}},"loc":{"start":{"line":1,"column":42},"end":{"line":25,"column":1}},"line":1}},"branchMap":{},"s":{"0":1,"1":1,"2":1},"f":{"0":1},"b":{},"_coverageSchema":"1a1c01bbd47fc00a2c39e90264f33305004495a9","hash":"79251e50cecacd69b4d34b04cc52ec36c6270a9f"}
,"/data/user/Projects/checkers/back/models/friendModel.js": {"path":"/data/user/Projects/checkers/back/models/friendModel.js","statementMap":{"0":{"start":{"line":1,"column":0},"end":{"line":22,"column":1}},"1":{"start":{"line":3,"column":19},"end":{"line":19,"column":6}},"2":{"start":{"line":21,"column":4},"end":{"line":21,"column":17}}},"fnMap":{"0":{"name":"(anonymous_0)","decl":{"start":{"line":1,"column":17},"end":{"line":1,"column":18}},"loc":{"start":{"line":1,"column":42},"end":{"line":22,"column":1}},"line":1}},"branchMap":{},"s":{"0":1,"1":1,"2":1},"f":{"0":1},"b":{},"_coverageSchema":"1a1c01bbd47fc00a2c39e90264f33305004495a9","hash":"cd5848020f7fe3a3d6f7aeceb0289c4fb7ed022b"}
,"/data/user/Projects/checkers/back/models/index.js": {"path":"/data/user/Projects/checkers/back/models/index.js","statementMap":{"0":{"start":{"line":1,"column":18},"end":{"line":1,"column":38}},"1":{"start":{"line":3,"column":18},"end":{"line":9,"column":1}},"2":{"start":{"line":10,"column":11},"end":{"line":10,"column":13}},"3":{"start":{"line":12,"column":0},"end":{"line":12,"column":25}},"4":{"start":{"line":13,"column":0},"end":{"line":13,"column":25}},"5":{"start":{"line":15,"column":0},"end":{"line":15,"column":59}},"6":{"start":{"line":16,"column":0},"end":{"line":16,"column":69}},"7":{"start":{"line":17,"column":0},"end":{"line":17,"column":57}},"8":{"start":{"line":18,"column":0},"end":{"line":18,"column":55}},"9":{"start":{"line":20,"column":0},"end":{"line":25,"column":7}},"10":{"start":{"line":21,"column":4},"end":{"line":21,"column":65}},"11":{"start":{"line":24,"column":8},"end":{"line":24,"column":65}},"12":{"start":{"line":27,"column":0},"end":{"line":27,"column":20}}},"fnMap":{"0":{"name":"(anonymous_0)","decl":{"start":{"line":20,"column":30},"end":{"line":20,"column":31}},"loc":{"start":{"line":20,"column":36},"end":{"line":22,"column":1}},"line":20},"1":{"name":"(anonymous_1)","decl":{"start":{"line":23,"column":11},"end":{"line":23,"column":12}},"loc":{"start":{"line":23,"column":18},"end":{"line":25,"column":5}},"line":23}},"branchMap":{},"s":{"0":1,"1":1,"2":1,"3":1,"4":1,"5":1,"6":1,"7":1,"8":1,"9":1,"10":0,"11":0,"12":1},"f":{"0":0,"1":0},"b":{},"_coverageSchema":"1a1c01bbd47fc00a2c39e90264f33305004495a9","hash":"5e0469e3e3d5a19e05d5e7ea255fa0e0126f12f0"}
,"/data/user/Projects/checkers/back/models/notifationModel.js": {"path":"/data/user/Projects/checkers/back/models/notifationModel.js","statementMap":{"0":{"start":{"line":1,"column":0},"end":{"line":31,"column":1}},"1":{"start":{"line":3,"column":25},"end":{"line":28,"column":6}},"2":{"start":{"line":30,"column":4},"end":{"line":30,"column":23}}},"fnMap":{"0":{"name":"(anonymous_0)","decl":{"start":{"line":1,"column":17},"end":{"line":1,"column":18}},"loc":{"start":{"line":1,"column":42},"end":{"line":31,"column":1}},"line":1}},"branchMap":{},"s":{"0":1,"1":1,"2":1},"f":{"0":1},"b":{},"_coverageSchema":"1a1c01bbd47fc00a2c39e90264f33305004495a9","hash":"d54f0971787d0e61af4208a09424732af6982d5d"}
,"/data/user/Projects/checkers/back/models/userModel.js": {"path":"/data/user/Projects/checkers/back/models/userModel.js","statementMap":{"0":{"start":{"line":1,"column":0},"end":{"line":38,"column":1}},"1":{"start":{"line":3,"column":17},"end":{"line":35,"column":6}},"2":{"start":{"line":37,"column":4},"end":{"line":37,"column":15}}},"fnMap":{"0":{"name":"(anonymous_0)","decl":{"start":{"line":1,"column":17},"end":{"line":1,"column":18}},"loc":{"start":{"line":1,"column":42},"end":{"line":38,"column":1}},"line":1}},"branchMap":{},"s":{"0":1,"1":1,"2":1},"f":{"0":1},"b":{},"_coverageSchema":"1a1c01bbd47fc00a2c39e90264f33305004495a9","hash":"bf11ed584e97cddb98febf79cfc58efcef8ec3d8"}
}
